<?xml version="1.0" encoding="UTF-8"?>
<!-- Generated by org.testng.reporters.JUnitReportReporter -->
<testsuite hostname="MSDT112" failures="0" tests="2" name="TestCase.LogIN" time="15.431" errors="0" timestamp="2022-05-17T14:21:09 IST" skipped="0">
  <testcase classname="TestCase.LogIN" name="Setup" time="9.762"/>
  <system-out/>
  <testcase classname="TestCase.LogIN" name="logIn" time="5.669"/>
  <system-out/>
</testsuite> <!-- TestCase.LogIN -->
