<?xml version="1.0" encoding="UTF-8"?>
<!-- Generated by org.testng.reporters.JUnitReportReporter -->
<testsuite hostname="MSDT112" failures="0" tests="1" name="LaunchBrowser.BaseChromeBrowser" time="7.929" errors="0" timestamp="2022-06-15T15:52:53 IST" skipped="0">
  <testcase classname="LaunchBrowser.BaseChromeBrowser" name="Setup" time="7.929"/>
  <system-out/>
</testsuite> <!-- LaunchBrowser.BaseChromeBrowser -->
