<?xml version="1.0" encoding="UTF-8"?>
<!-- Generated by org.testng.reporters.JUnitReportReporter -->
<testsuite hostname="MSDT112" failures="0" tests="1" name="TestCase.VerifyLogin" time="25.182" errors="0" timestamp="2022-06-21T14:39:38 IST" skipped="0">
  <testcase classname="TestCase.VerifyLogin" name="login_details" time="25.182"/>
  <system-out/>
</testsuite> <!-- TestCase.VerifyLogin -->
